2025-05-27 11:28:55,776--PPC102_lib--INFO--PPC102_lib--__init__--Logger initialized for PPC102_Coms
2025-05-27 11:29:09,479--PPC102_lib--INFO--PPC102_lib--open--Connected to 192.168.29.100:10013
2025-05-27 11:29:09,480--PPC102_lib--INFO--PPC102_lib--open--Preliminary read_buff to clear buffer: Sometimes inicializes with 0x00 in buffer
2025-05-27 11:29:11,482--PPC102_lib--ERROR--PPC102_lib--read_buff--Read timed out.
2025-05-27 11:31:03,298--PPC102_lib--INFO--PPC102_lib--close--Socket closed.
2025-05-27 11:33:09,403--PPC102_lib--INFO--PPC102_lib--__init__--Logger initialized for PPC102_Coms
2025-05-27 11:33:33,819--PPC102_lib--INFO--PPC102_lib--open--Connected to 192.168.29.100:10013
2025-05-27 11:33:33,819--PPC102_lib--INFO--PPC102_lib--open--Preliminary read_buff to clear buffer: Sometimes inicializes with 0x00 in buffer
2025-05-27 11:33:35,822--PPC102_lib--ERROR--PPC102_lib--read_buff--Read timed out.
2025-05-27 11:33:37,986--PPC102_lib--ERROR--PPC102_lib--_get_ppc_IOSETTINGS--Error in set_ppc_IOSETTINGS: 'str' object cannot be interpreted as an integer
2025-05-27 11:36:07,642--PPC102_lib--INFO--PPC102_lib--close--Socket closed.
2025-05-27 11:36:17,176--PPC102_lib--INFO--PPC102_lib--__init__--Logger initialized for PPC102_Coms
2025-05-27 11:36:22,218--PPC102_lib--INFO--PPC102_lib--open--Connected to 192.168.29.100:10013
2025-05-27 11:36:22,219--PPC102_lib--INFO--PPC102_lib--open--Preliminary read_buff to clear buffer: Sometimes inicializes with 0x00 in buffer
2025-05-27 11:36:24,221--PPC102_lib--ERROR--PPC102_lib--read_buff--Read timed out.
2025-05-27 11:36:35,753--PPC102_lib--ERROR--PPC102_lib--_get_ppc_IOSETTINGS--Error in set_ppc_IOSETTINGS: int() argument must be a string, a bytes-like object or a number, not 'list'
2025-05-27 11:40:22,420--PPC102_lib--INFO--PPC102_lib--close--Socket closed.
2025-05-27 11:52:28,724--PPC102_lib--INFO--PPC102_lib--__init__--Logger initialized for PPC102_Coms
2025-05-27 11:52:32,729--PPC102_lib--INFO--PPC102_lib--open--Connected to 192.168.29.100:10013
2025-05-27 11:52:32,730--PPC102_lib--INFO--PPC102_lib--open--Preliminary read_buff to clear buffer: Sometimes inicializes with 0x00 in buffer
2025-05-27 11:52:34,732--PPC102_lib--ERROR--PPC102_lib--read_buff--Read timed out.
2025-05-27 11:56:53,936--PPC102_lib--INFO--PPC102_lib--close--Socket closed.
2025-05-27 11:57:02,435--PPC102_lib--INFO--PPC102_lib--__init__--Logger initialized for PPC102_Coms
2025-05-27 11:57:06,511--PPC102_lib--INFO--PPC102_lib--open--Connected to 192.168.29.100:10013
2025-05-27 11:57:06,511--PPC102_lib--INFO--PPC102_lib--open--Preliminary read_buff to clear buffer: Sometimes inicializes with 0x00 in buffer
2025-05-27 11:57:08,513--PPC102_lib--ERROR--PPC102_lib--read_buff--Read timed out.
2025-05-27 11:57:19,100--PPC102_lib--ERROR--PPC102_lib--read_buff--Read timed out.
2025-05-27 11:57:19,101--PPC102_lib--ERROR--PPC102_lib--_get_ppc_NOTCHPARAMS--Error in get_notch_params: Unexpected response length: 0
2025-05-27 11:57:37,785--PPC102_lib--ERROR--PPC102_lib--read_buff--Read timed out.
2025-05-27 11:57:37,786--PPC102_lib--ERROR--PPC102_lib--_get_ppc_NOTCHPARAMS--Error in get_notch_params: Unexpected response length: 0
2025-05-27 11:57:57,759--PPC102_lib--ERROR--PPC102_lib--read_buff--Read timed out.
2025-05-27 11:57:57,760--PPC102_lib--ERROR--PPC102_lib--get_enable--Error: Buffer empty when expecting response
2025-05-27 11:58:07,721--PPC102_lib--INFO--PPC102_lib--close--Socket closed.
2025-05-27 11:58:07,721--PPC102_lib--ERROR--PPC102_lib--open--Socket connection failed: [Errno 111] Connection refused
2025-05-27 11:58:20,048--PPC102_lib--INFO--PPC102_lib--open--Connected to 192.168.29.100:10013
2025-05-27 11:58:20,048--PPC102_lib--INFO--PPC102_lib--open--Preliminary read_buff to clear buffer: Sometimes inicializes with 0x00 in buffer
2025-05-27 11:58:22,050--PPC102_lib--ERROR--PPC102_lib--read_buff--Read timed out.
2025-05-27 11:58:32,104--PPC102_lib--ERROR--PPC102_lib--read_buff--Read timed out.
2025-05-27 11:58:32,104--PPC102_lib--ERROR--PPC102_lib--get_enable--Error: Buffer empty when expecting response
2025-05-27 11:58:36,901--PPC102_lib--INFO--PPC102_lib--close--Socket closed.
2025-05-27 12:01:22,770--PPC102_lib--INFO--PPC102_lib--__init__--Logger initialized for PPC102_Coms
2025-05-27 12:01:27,594--PPC102_lib--INFO--PPC102_lib--open--Connected to 192.168.29.100:10013
2025-05-27 12:01:27,595--PPC102_lib--INFO--PPC102_lib--open--Preliminary read_buff to clear buffer: Sometimes inicializes with 0x00 in buffer
2025-05-27 12:01:50,418--PPC102_lib--ERROR--PPC102_lib--read_buff--Read timed out.
2025-05-27 12:01:50,418--PPC102_lib--ERROR--PPC102_lib--_get_ppc_NOTCHPARAMS--Error in get_notch_params: Unexpected response length: 0
2025-05-27 12:03:33,373--PPC102_lib--INFO--PPC102_lib--close--Socket closed.
2025-05-27 12:03:45,063--PPC102_lib--INFO--PPC102_lib--__init__--Logger initialized for PPC102_Coms
2025-05-27 12:03:48,828--PPC102_lib--INFO--PPC102_lib--open--Connected to 192.168.29.100:10013
2025-05-27 12:03:48,828--PPC102_lib--INFO--PPC102_lib--open--Preliminary read_buff to clear buffer: Sometimes inicializes with 0x00 in buffer
2025-05-27 12:03:50,832--PPC102_lib--ERROR--PPC102_lib--read_buff--Read timed out.
2025-05-27 12:04:09,388--PPC102_lib--ERROR--PPC102_lib--_get_ppc_NOTCHPARAMS--Error in get_notch_params: Unexpected response length: 30
2025-05-27 12:04:17,549--PPC102_lib--ERROR--PPC102_lib--_get_ppc_NOTCHPARAMS--Error in get_notch_params: Unexpected response length: 30
2025-05-27 12:06:53,164--PPC102_lib--INFO--PPC102_lib--close--Socket closed.
2025-05-27 12:07:04,951--PPC102_lib--INFO--PPC102_lib--__init__--Logger initialized for PPC102_Coms
2025-05-27 12:07:10,099--PPC102_lib--INFO--PPC102_lib--open--Connected to 192.168.29.100:10013
2025-05-27 12:07:10,099--PPC102_lib--INFO--PPC102_lib--open--Preliminary read_buff to clear buffer: Sometimes inicializes with 0x00 in buffer
2025-05-27 12:07:12,102--PPC102_lib--ERROR--PPC102_lib--read_buff--Read timed out.
2025-05-27 12:07:18,346--PPC102_lib--ERROR--PPC102_lib--_get_ppc_NOTCHPARAMS--Error in get_notch_params: invalid literal for int() with base 10: '0x95'
2025-05-27 12:08:35,281--PPC102_lib--INFO--PPC102_lib--close--Socket closed.
2025-05-27 12:08:44,314--PPC102_lib--INFO--PPC102_lib--__init__--Logger initialized for PPC102_Coms
2025-05-27 12:08:49,488--PPC102_lib--INFO--PPC102_lib--open--Connected to 192.168.29.100:10013
2025-05-27 12:08:49,488--PPC102_lib--INFO--PPC102_lib--open--Preliminary read_buff to clear buffer: Sometimes inicializes with 0x00 in buffer
2025-05-27 12:08:51,491--PPC102_lib--ERROR--PPC102_lib--read_buff--Read timed out.
2025-05-27 12:08:54,514--PPC102_lib--ERROR--PPC102_lib--_get_ppc_NOTCHPARAMS--Error in get_notch_params: invalid literal for int() with base 10: '0x95'
2025-05-27 12:09:59,877--PPC102_lib--INFO--PPC102_lib--close--Socket closed.
2025-05-27 12:10:28,958--PPC102_lib--INFO--PPC102_lib--__init__--Logger initialized for PPC102_Coms
2025-05-27 12:10:34,522--PPC102_lib--INFO--PPC102_lib--open--Connected to 192.168.29.100:10013
2025-05-27 12:10:34,522--PPC102_lib--INFO--PPC102_lib--open--Preliminary read_buff to clear buffer: Sometimes inicializes with 0x00 in buffer
2025-05-27 12:10:36,524--PPC102_lib--ERROR--PPC102_lib--read_buff--Read timed out.
2025-05-27 12:10:43,891--PPC102_lib--INFO--PPC102_lib--_get_ppc_NOTCHPARAMS--Got NotchParams CH1: {'filterNO': 3, 'filter_1fc': 190.0, 'filter_1q': 1.0, 'notch_filter1_on': True, 'filter_2fc': 380.0, 'filter_2q': 1.0, 'notch_filter2_on': True}
2025-05-27 12:13:06,206--PPC102_lib--INFO--PPC102_lib--close--Socket closed.
2025-05-27 12:13:16,701--PPC102_lib--INFO--PPC102_lib--__init__--Logger initialized for PPC102_Coms
2025-05-27 12:13:37,372--PPC102_lib--INFO--PPC102_lib--open--Connected to 192.168.29.100:10013
2025-05-27 12:13:37,372--PPC102_lib--INFO--PPC102_lib--open--Preliminary read_buff to clear buffer: Sometimes inicializes with 0x00 in buffer
2025-05-27 12:13:39,374--PPC102_lib--ERROR--PPC102_lib--read_buff--Read timed out.
2025-05-27 12:13:44,135--PPC102_lib--ERROR--PPC102_lib--read_buff--Read timed out.
2025-05-27 12:13:44,136--PPC102_lib--INFO--PPC102_lib--_get_ppc_PIDCONSTS--Retrieved PID constants: {'p_const': 0, 'i_const': 0, 'd_const': 0, 'dfc_const': 0, 'derivFilter': False}
2025-05-27 12:14:01,157--PPC102_lib--ERROR--PPC102_lib--read_buff--Read timed out.
2025-05-27 12:14:01,158--PPC102_lib--INFO--PPC102_lib--_get_ppc_PIDCONSTS--Retrieved PID constants: {'p_const': 0, 'i_const': 0, 'd_const': 0, 'dfc_const': 0, 'derivFilter': False}
2025-05-27 12:18:38,366--PPC102_lib--INFO--PPC102_lib--close--Socket closed.
2025-05-27 12:18:47,777--PPC102_lib--INFO--PPC102_lib--__init__--Logger initialized for PPC102_Coms
2025-05-27 12:18:58,006--PPC102_lib--INFO--PPC102_lib--open--Connected to 192.168.29.100:10013
2025-05-27 12:18:58,006--PPC102_lib--INFO--PPC102_lib--open--Preliminary read_buff to clear buffer: Sometimes inicializes with 0x00 in buffer
2025-05-27 12:19:00,008--PPC102_lib--ERROR--PPC102_lib--read_buff--Read timed out.
2025-05-27 12:19:04,867--PPC102_lib--ERROR--PPC102_lib--read_buff--Read timed out.
2025-05-27 12:19:04,868--PPC102_lib--INFO--PPC102_lib--_get_ppc_PIDCONSTS--Retrieved PID constants: {'p_const': 0, 'i_const': 0, 'd_const': 0, 'dfc_const': 0, 'derivFilter': False}
2025-05-27 12:20:01,513--PPC102_lib--INFO--PPC102_lib--close--Socket closed.
2025-05-27 12:20:39,489--PPC102_lib--INFO--PPC102_lib--__init__--Logger initialized for PPC102_Coms
2025-05-27 12:20:44,140--PPC102_lib--INFO--PPC102_lib--open--Connected to 192.168.29.100:10013
2025-05-27 12:20:44,140--PPC102_lib--INFO--PPC102_lib--open--Preliminary read_buff to clear buffer: Sometimes inicializes with 0x00 in buffer
2025-05-27 12:20:56,459--PPC102_lib--ERROR--PPC102_lib--read_buff--Read timed out.
2025-05-27 12:20:56,459--PPC102_lib--INFO--PPC102_lib--_get_ppc_PIDCONSTS--Retrieved PID constants: {'p_const': 0, 'i_const': 0, 'd_const': 0, 'dfc_const': 0, 'derivFilter': False}
2025-05-27 12:21:25,854--PPC102_lib--INFO--PPC102_lib--close--Socket closed.
2025-05-27 12:22:02,245--PPC102_lib--INFO--PPC102_lib--__init__--Logger initialized for PPC102_Coms
2025-05-27 12:22:06,579--PPC102_lib--INFO--PPC102_lib--open--Connected to 192.168.29.100:10013
2025-05-27 12:22:06,580--PPC102_lib--INFO--PPC102_lib--open--Preliminary read_buff to clear buffer: Sometimes inicializes with 0x00 in buffer
2025-05-27 12:22:14,672--PPC102_lib--INFO--PPC102_lib--_get_ppc_PIDCONSTS--Retrieved PID constants: {'p_const': 0, 'i_const': 17530, 'd_const': 0, 'dfc_const': 17558, 'derivFilter': False}
2025-05-27 12:26:44,708--PPC102_lib--INFO--PPC102_lib--close--Socket closed.
2025-05-27 14:21:36,456--PPC102_lib--INFO--PPC102_lib--__init__--Logger initialized for PPC102_Coms
2025-05-27 14:22:31,589--PPC102_lib--INFO--PPC102_lib--open--Connected to 192.168.29.100:10013
2025-05-27 14:22:31,589--PPC102_lib--INFO--PPC102_lib--open--Preliminary read_buff to clear buffer: Sometimes inicializes with 0x00 in buffer
2025-05-27 14:22:33,592--PPC102_lib--ERROR--PPC102_lib--read_buff--Read timed out.
2025-05-27 14:40:07,766--PPC102_lib--ERROR--PPC102_lib--get_rack_bay_used--Error: Bay Out of Range
2025-05-27 14:54:10,876--PPC102_lib--INFO--PPC102_lib--get_status_update--Voltage: 0
2025-05-27 14:54:10,877--PPC102_lib--INFO--PPC102_lib--get_status_update--Position: 32768
2025-05-27 14:54:28,153--PPC102_lib--INFO--PPC102_lib--get_status_update--Voltage: 0
2025-05-27 14:54:28,154--PPC102_lib--INFO--PPC102_lib--get_status_update--Position: 32768
2025-05-27 15:04:18,409--PPC102_lib--INFO--PPC102_lib--close--Socket closed.
2025-05-27 15:04:27,177--PPC102_lib--INFO--PPC102_lib--__init__--Logger initialized for PPC102_Coms
2025-05-27 15:04:30,710--PPC102_lib--INFO--PPC102_lib--open--Connected to 192.168.29.100:10013
2025-05-27 15:04:30,710--PPC102_lib--INFO--PPC102_lib--open--Preliminary read_buff to clear buffer: Sometimes inicializes with 0x00 in buffer
2025-05-27 15:04:32,713--PPC102_lib--ERROR--PPC102_lib--read_buff--Read timed out.
2025-05-27 15:04:36,183--PPC102_lib--INFO--PPC102_lib--get_status_update--Voltage: 0
2025-05-27 15:04:36,183--PPC102_lib--INFO--PPC102_lib--get_status_update--Position: 32768
2025-05-27 15:10:45,791--PPC102_lib--INFO--PPC102_lib--close--Socket closed.
2025-05-27 15:10:58,779--PPC102_lib--INFO--PPC102_lib--__init__--Logger initialized for PPC102_Coms
2025-05-27 15:11:02,358--PPC102_lib--INFO--PPC102_lib--open--Connected to 192.168.29.100:10013
2025-05-27 15:11:02,359--PPC102_lib--INFO--PPC102_lib--open--Preliminary read_buff to clear buffer: Sometimes inicializes with 0x00 in buffer
2025-05-27 15:11:04,361--PPC102_lib--ERROR--PPC102_lib--read_buff--Read timed out.
2025-05-27 15:40:26,088--PPC102_lib--INFO--PPC102_lib--get_status_update--Voltage: 0
2025-05-27 15:40:26,088--PPC102_lib--INFO--PPC102_lib--get_status_update--Position: 32768
2025-05-27 15:47:59,245--PPC102_lib--INFO--PPC102_lib--close--Socket closed.
2025-05-27 15:55:09,984--PPC102_lib--INFO--PPC102_lib--__init__--Logger initialized for PPC102_Coms
2025-05-27 15:55:13,842--PPC102_lib--INFO--PPC102_lib--open--Connected to 192.168.29.100:10013
2025-05-27 15:55:13,843--PPC102_lib--INFO--PPC102_lib--open--Preliminary read_buff to clear buffer: Sometimes inicializes with 0x00 in buffer
2025-05-27 15:55:15,843--PPC102_lib--ERROR--PPC102_lib--read_buff--Read timed out.
2025-05-27 15:55:50,261--PPC102_lib--INFO--PPC102_lib--close--Socket closed.
2025-05-27 16:07:25,585--PPC102_lib--INFO--PPC102_lib--__init__--Logger initialized for PPC102_Coms
2025-05-27 16:07:28,901--PPC102_lib--INFO--PPC102_lib--open--Connected to 192.168.29.100:10013
2025-05-27 16:07:28,901--PPC102_lib--INFO--PPC102_lib--open--Preliminary read_buff to clear buffer: Sometimes inicializes with 0x00 in buffer
2025-05-27 16:07:30,904--PPC102_lib--ERROR--PPC102_lib--read_buff--Read timed out.
2025-05-27 16:11:29,622--PPC102_lib--ERROR--PPC102_lib--read_buff--Read timed out.
2025-05-27 16:11:29,622--PPC102_lib--ERROR--PPC102_lib--get_position--Error: Buffer empty when expecting response
2025-05-27 16:11:35,698--PPC102_lib--ERROR--PPC102_lib--get_loop--Error: Invalid number of bytes received
2025-05-27 16:11:35,698--PPC102_lib--ERROR--PPC102_lib--get_position--Error: Loops Must be Closed and chanel must be enabled
2025-05-27 16:11:47,112--PPC102_lib--ERROR--PPC102_lib--read_buff--Read timed out.
2025-05-27 16:11:51,326--PPC102_lib--ERROR--PPC102_lib--read_buff--Read timed out.
2025-05-27 16:11:51,326--PPC102_lib--ERROR--PPC102_lib--get_loop--Error: list index out of range
2025-05-27 16:11:51,326--PPC102_lib--ERROR--PPC102_lib--get_position--Error: Loops Must be Closed and chanel must be enabled
2025-05-27 16:12:53,906--PPC102_lib--ERROR--PPC102_lib--read_buff--Read timed out.
2025-05-27 16:12:53,906--PPC102_lib--ERROR--PPC102_lib--get_enable--Error: Buffer empty when expecting response
2025-05-27 16:13:11,135--PPC102_lib--INFO--PPC102_lib--close--Socket closed.
2025-05-27 16:18:20,487--PPC102_lib--INFO--PPC102_lib--open--Connected to 192.168.29.100:10013
2025-05-27 16:18:20,487--PPC102_lib--INFO--PPC102_lib--open--Preliminary read_buff to clear buffer: Sometimes inicializes with 0x00 in buffer
2025-05-27 16:19:04,730--PPC102_lib--ERROR--PPC102_lib--read_buff--Read timed out.
2025-05-27 16:19:04,730--PPC102_lib--ERROR--PPC102_lib--get_position--Error: Buffer empty when expecting response
2025-05-27 16:19:21,225--PPC102_lib--INFO--PPC102_lib--close--Socket closed.
2025-05-27 16:19:36,662--PPC102_lib--INFO--PPC102_lib--__init__--Logger initialized for PPC102_Coms
2025-05-27 16:19:42,805--PPC102_lib--INFO--PPC102_lib--open--Connected to 192.168.29.100:10013
2025-05-27 16:19:42,805--PPC102_lib--INFO--PPC102_lib--open--Preliminary read_buff to clear buffer: Sometimes inicializes with 0x00 in buffer
2025-05-27 16:19:44,807--PPC102_lib--ERROR--PPC102_lib--read_buff--Read timed out.
2025-05-27 16:23:04,656--PPC102_lib--INFO--PPC102_lib--close--Socket closed.
2025-05-27 16:23:04,657--PPC102_lib--ERROR--PPC102_lib--open--Socket connection failed: [Errno 111] Connection refused
2025-05-27 16:23:11,865--PPC102_lib--INFO--PPC102_lib--open--Connected to 192.168.29.100:10013
2025-05-27 16:23:11,866--PPC102_lib--INFO--PPC102_lib--open--Preliminary read_buff to clear buffer: Sometimes inicializes with 0x00 in buffer
2025-05-27 16:23:13,868--PPC102_lib--ERROR--PPC102_lib--read_buff--Read timed out.
2025-05-27 16:23:21,636--PPC102_lib--INFO--PPC102_lib--close--Socket closed.
2025-05-27 16:23:39,402--PPC102_lib--INFO--PPC102_lib--open--Connected to 192.168.29.100:10013
2025-05-27 16:23:39,403--PPC102_lib--INFO--PPC102_lib--open--Preliminary read_buff to clear buffer: Sometimes inicializes with 0x00 in buffer
2025-05-27 16:27:50,317--PPC102_lib--INFO--PPC102_lib--get_status_update--Voltage: 19036
2025-05-27 16:27:50,317--PPC102_lib--INFO--PPC102_lib--get_status_update--Position: 16000
2025-05-27 16:28:10,762--PPC102_lib--INFO--PPC102_lib--get_status_update--Voltage: 7293
2025-05-27 16:28:10,763--PPC102_lib--INFO--PPC102_lib--get_status_update--Position: 15996
2025-05-27 16:28:14,165--PPC102_lib--INFO--PPC102_lib--get_status_update--Voltage: 7253
2025-05-27 16:28:14,165--PPC102_lib--INFO--PPC102_lib--get_status_update--Position: 15998
2025-05-27 16:28:16,536--PPC102_lib--INFO--PPC102_lib--get_status_update--Voltage: 7227
2025-05-27 16:28:16,537--PPC102_lib--INFO--PPC102_lib--get_status_update--Position: 16001
2025-05-27 16:29:50,283--PPC102_lib--INFO--PPC102_lib--close--Socket closed.
